<?xml version="1.0" encoding="UTF-8"?>
<testsuites>
  <testsuite name="Hardcore" timestamp="2022-09-23T13:55:43" time="74.194" tests="2" failures="0" errors="0" skipped="0">
    <properties>
      <property name="specId" value="0"/>
      <property name="suiteName" value="[Hardcore]"/>
      <property name="capabilities" value="chrome.105_0_5195_127.windows"/>
      <property name="file" value=".\test\specs\googleCloudHardcore.e2e..ts"/>
    </properties>
    <testcase classname="chrome.105_0_5195_127.windows.[Hardcore]" name="should open google cloud" time="48.131">
      <system-out><![CDATA[
COMMAND: POST /session/20fbb162fa044726dea7764752f9727a/window/maximize - {}
RESULT: {}
COMMAND: POST /session/20fbb162fa044726dea7764752f9727a/url - {"url":"https://cloud.google.com/"}
RESULT: {"url":"https://cloud.google.com/"}
COMMAND: POST /session/20fbb162fa044726dea7764752f9727a/element - {"using":"css selector","value":"[class='devsite-search-field devsite-search-query']"}
RESULT: {"using":"css selector","value":"[class='devsite-search-field devsite-search-query']"}
COMMAND: POST /session/20fbb162fa044726dea7764752f9727a/element/ddd4431d-7bc9-4c55-a879-0ad027c5ea53/click - {}
RESULT: {}
COMMAND: POST /session/20fbb162fa044726dea7764752f9727a/element - {"using":"css selector","value":"[class='devsite-search-field devsite-search-query']"}
RESULT: {"using":"css selector","value":"[class='devsite-search-field devsite-search-query']"}
COMMAND: POST /session/20fbb162fa044726dea7764752f9727a/element/ddd4431d-7bc9-4c55-a879-0ad027c5ea53/clear - {}
RESULT: {}
COMMAND: POST /session/20fbb162fa044726dea7764752f9727a/element/ddd4431d-7bc9-4c55-a879-0ad027c5ea53/value - {"text":"Google Cloud Platform Pricing Calculator"}
RESULT: {"text":"Google Cloud Platform Pricing Calculator"}
COMMAND: POST /session/20fbb162fa044726dea7764752f9727a/actions - {"actions":[{"type":"key","id":"keyboard","actions":[{"type":"keyDown","value":""},{"type":"keyUp","value":""}]}]}
RESULT: {"actions":[{"type":"key","id":"keyboard","actions":[{"type":"keyDown","value":""},{"type":"keyUp","value":""}]}]}
COMMAND: DELETE /session/20fbb162fa044726dea7764752f9727a/actions - {}
RESULT: {}
COMMAND: POST /session/20fbb162fa044726dea7764752f9727a/element - {"using":"xpath","value":".//b[normalize-space() = \"Google Cloud Pricing Calculator\"]"}
RESULT: {"using":"xpath","value":".//b[normalize-space() = \"Google Cloud Pricing Calculator\"]"}
COMMAND: POST /session/20fbb162fa044726dea7764752f9727a/element - {"using":"xpath","value":".//b[normalize-space() = \"Google Cloud Pricing Calculator\"]"}
RESULT: {"using":"xpath","value":".//b[normalize-space() = \"Google Cloud Pricing Calculator\"]"}
COMMAND: POST /session/20fbb162fa044726dea7764752f9727a/element - {"using":"xpath","value":".//b[normalize-space() = \"Google Cloud Pricing Calculator\"]"}
RESULT: {"using":"xpath","value":".//b[normalize-space() = \"Google Cloud Pricing Calculator\"]"}
COMMAND: POST /session/20fbb162fa044726dea7764752f9727a/element - {"using":"xpath","value":".//b[normalize-space() = \"Google Cloud Pricing Calculator\"]"}
RESULT: {"using":"xpath","value":".//b[normalize-space() = \"Google Cloud Pricing Calculator\"]"}
COMMAND: POST /session/20fbb162fa044726dea7764752f9727a/element - {"using":"xpath","value":".//b[normalize-space() = \"Google Cloud Pricing Calculator\"]"}
RESULT: {"using":"xpath","value":".//b[normalize-space() = \"Google Cloud Pricing Calculator\"]"}
COMMAND: POST /session/20fbb162fa044726dea7764752f9727a/element - {"using":"xpath","value":".//b[normalize-space() = \"Google Cloud Pricing Calculator\"]"}
RESULT: {"using":"xpath","value":".//b[normalize-space() = \"Google Cloud Pricing Calculator\"]"}
COMMAND: POST /session/20fbb162fa044726dea7764752f9727a/element - {"using":"xpath","value":".//b[normalize-space() = \"Google Cloud Pricing Calculator\"]"}
RESULT: {"using":"xpath","value":".//b[normalize-space() = \"Google Cloud Pricing Calculator\"]"}
COMMAND: POST /session/20fbb162fa044726dea7764752f9727a/element - {"using":"xpath","value":".//b[normalize-space() = \"Google Cloud Pricing Calculator\"]"}
RESULT: {"using":"xpath","value":".//b[normalize-space() = \"Google Cloud Pricing Calculator\"]"}
COMMAND: POST /session/20fbb162fa044726dea7764752f9727a/element - {"using":"xpath","value":".//b[normalize-space() = \"Google Cloud Pricing Calculator\"]"}
RESULT: {"using":"xpath","value":".//b[normalize-space() = \"Google Cloud Pricing Calculator\"]"}
COMMAND: POST /session/20fbb162fa044726dea7764752f9727a/element - {"using":"xpath","value":".//b[normalize-space() = \"Google Cloud Pricing Calculator\"]"}
RESULT: {"using":"xpath","value":".//b[normalize-space() = \"Google Cloud Pricing Calculator\"]"}
COMMAND: POST /session/20fbb162fa044726dea7764752f9727a/execute/sync - {"script":"return (function isElementDisplayed(element) {\n    function nodeIsElement(node) {\n        if (!node) {\n            return false;\n        }\n        switch (node.nodeType) {\n            case Node.ELEMEN ... (7756 more bytes)","args":[{"element-6066-11e4-a52e-4f735466cecf":"75eb7dbb-0e67-4847-a976-f127cdd9a082","ELEMENT":"75eb7dbb-0e67-4847-a976-f127cdd9a082"}]}
RESULT: {"script":"return (function isElementDisplayed(element) {\n    function nodeIsElement(node) {\n        if (!node) {\n            return false;\n        }\n        switch (node.nodeType) {\n            case Node.ELEMEN ... (7756 more bytes)","args":[{"element-6066-11e4-a52e-4f735466cecf":"75eb7dbb-0e67-4847-a976-f127cdd9a082","ELEMENT":"75eb7dbb-0e67-4847-a976-f127cdd9a082"}]}
COMMAND: POST /session/20fbb162fa044726dea7764752f9727a/element/75eb7dbb-0e67-4847-a976-f127cdd9a082/click - {}
RESULT: {}
COMMAND: POST /session/20fbb162fa044726dea7764752f9727a/elements - {"using":"css selector","value":"iframe[src]"}
RESULT: {"using":"css selector","value":"iframe[src]"}
COMMAND: POST /session/20fbb162fa044726dea7764752f9727a/elements - {"using":"css selector","value":"iframe[src]"}
RESULT: {"using":"css selector","value":"iframe[src]"}
COMMAND: POST /session/20fbb162fa044726dea7764752f9727a/frame - {"id":{"sessionId":"20fbb162fa044726dea7764752f9727a","elementId":"67f656be-b5e6-4351-8e37-8c651e2568d5","element-6066-11e4-a52e-4f735466cecf":"67f656be-b5e6-4351-8e37-8c651e2568d5","selector":"iframe[src]","parent":{"capabilities":{"acceptInsecureCerts":true,"browserName":"chrome","browserVersion":"105.0.5195.127","chrome":{"chromedriverVersion":"105.0.5195.52 (412c95e518836d8a7d97250d62b29c2ae6a26a85-refs/branch-heads/5195@{#853})","userDataDir":"C:\\Users\\User\\AppData\\Local\\Temp\\scoped_dir9276_638493213"},"goog:chromeOptions":{"debuggerAddress":"localhost:53186"},"networkConnectionEnabled":false,"pageLoadStrategy":"normal","platformName":"windows","proxy":{},"se:cdp":"ws://192.168.1.101:4444/session/20fbb162fa044726dea7764752f9727a/se/cdp","_":"8 more keys: [\"se:cdpVersion\",\"setWindowRect\",\"strictFileInteractability\",\"timeouts\",\"unhandledPromptBehavior\",\"webauthn:extension:credBlob\",\"webauthn:extension:largeBlob\",\"webauthn:virtualAuthenticators\"]"},"config":{"specs":["./test/specs/**/googleCloudHardcore.e2e..ts"],"suites":{},"exclude":[],"logLevel":"info","logLevels":{},"excludeDriverLogs":[],"bail":0,"waitforInterval":500,"waitforTimeout":10000,"framework":"mocha","_":"48 more keys: [\"reporters\",\"services\",\"maxInstances\",\"maxInstancesPerCapability\",\"filesToWatch\",\"connectionRetryTimeout\",\"connectionRetryCount\",\"execArgv\",\"runnerEnv\",\"runner\",\"specFileRetries\",\"specFileRetriesDelay\",\"specFileRetriesDeferred\",\"reporterSyncInterval\",\"reporterSyncTimeout\",\"cucumberFeaturesWithLineNumbers\",\"autoCompileOpts\",\"mochaOpts\",\"jasmineOpts\",\"cucumberOpts\",\"onPrepare\",\"onWorkerStart\",\"onWorkerEnd\",\"before\",\"beforeSession\",\"beforeSuite\",\"beforeHook\",\"beforeTest\",\"beforeCommand\",\"afterCommand\",\"afterTest\",\"afterHook\",\"afterSuite\",\"afterSession\",\"after\",\"onComplete\",\"onReload\",\"beforeFeature\",\"beforeScenario\",\"beforeStep\",\"afterStep\",\"afterScenario\",\"afterFeature\",\"baseUrl\",\"_\",\"$0\",\"config-path\",\"ignoredWorkerServices\"]"}},"index":0,"isReactElement":false}}
RESULT: {"id":{"sessionId":"20fbb162fa044726dea7764752f9727a","elementId":"67f656be-b5e6-4351-8e37-8c651e2568d5","element-6066-11e4-a52e-4f735466cecf":"67f656be-b5e6-4351-8e37-8c651e2568d5","selector":"iframe[src]","parent":{"capabilities":{"acceptInsecureCerts":true,"browserName":"chrome","browserVersion":"105.0.5195.127","chrome":{"chromedriverVersion":"105.0.5195.52 (412c95e518836d8a7d97250d62b29c2ae6a26a85-refs/branch-heads/5195@{#853})","userDataDir":"C:\\Users\\User\\AppData\\Local\\Temp\\scoped_dir9276_638493213"},"goog:chromeOptions":{"debuggerAddress":"localhost:53186"},"networkConnectionEnabled":false,"pageLoadStrategy":"normal","platformName":"windows","proxy":{},"se:cdp":"ws://192.168.1.101:4444/session/20fbb162fa044726dea7764752f9727a/se/cdp","_":"8 more keys: [\"se:cdpVersion\",\"setWindowRect\",\"strictFileInteractability\",\"timeouts\",\"unhandledPromptBehavior\",\"webauthn:extension:credBlob\",\"webauthn:extension:largeBlob\",\"webauthn:virtualAuthenticators\"]"},"config":{"specs":["./test/specs/**/googleCloudHardcore.e2e..ts"],"suites":{},"exclude":[],"logLevel":"info","logLevels":{},"excludeDriverLogs":[],"bail":0,"waitforInterval":500,"waitforTimeout":10000,"framework":"mocha","_":"48 more keys: [\"reporters\",\"services\",\"maxInstances\",\"maxInstancesPerCapability\",\"filesToWatch\",\"connectionRetryTimeout\",\"connectionRetryCount\",\"execArgv\",\"runnerEnv\",\"runner\",\"specFileRetries\",\"specFileRetriesDelay\",\"specFileRetriesDeferred\",\"reporterSyncInterval\",\"reporterSyncTimeout\",\"cucumberFeaturesWithLineNumbers\",\"autoCompileOpts\",\"mochaOpts\",\"jasmineOpts\",\"cucumberOpts\",\"onPrepare\",\"onWorkerStart\",\"onWorkerEnd\",\"before\",\"beforeSession\",\"beforeSuite\",\"beforeHook\",\"beforeTest\",\"beforeCommand\",\"afterCommand\",\"afterTest\",\"afterHook\",\"afterSuite\",\"afterSession\",\"after\",\"onComplete\",\"onReload\",\"beforeFeature\",\"beforeScenario\",\"beforeStep\",\"afterStep\",\"afterScenario\",\"afterFeature\",\"baseUrl\",\"_\",\"$0\",\"config-path\",\"ignoredWorkerServices\"]"}},"index":0,"isReactElement":false}}
COMMAND: POST /session/20fbb162fa044726dea7764752f9727a/element - {"using":"css selector","value":"#myFrame"}
RESULT: {"using":"css selector","value":"#myFrame"}
COMMAND: POST /session/20fbb162fa044726dea7764752f9727a/frame - {"id":{"sessionId":"20fbb162fa044726dea7764752f9727a","elementId":"59d0866b-c950-4710-8dc9-fb40324189a4","element-6066-11e4-a52e-4f735466cecf":"59d0866b-c950-4710-8dc9-fb40324189a4","selector":"#myFrame","parent":{"capabilities":{"acceptInsecureCerts":true,"browserName":"chrome","browserVersion":"105.0.5195.127","chrome":{"chromedriverVersion":"105.0.5195.52 (412c95e518836d8a7d97250d62b29c2ae6a26a85-refs/branch-heads/5195@{#853})","userDataDir":"C:\\Users\\User\\AppData\\Local\\Temp\\scoped_dir9276_638493213"},"goog:chromeOptions":{"debuggerAddress":"localhost:53186"},"networkConnectionEnabled":false,"pageLoadStrategy":"normal","platformName":"windows","proxy":{},"se:cdp":"ws://192.168.1.101:4444/session/20fbb162fa044726dea7764752f9727a/se/cdp","_":"8 more keys: [\"se:cdpVersion\",\"setWindowRect\",\"strictFileInteractability\",\"timeouts\",\"unhandledPromptBehavior\",\"webauthn:extension:credBlob\",\"webauthn:extension:largeBlob\",\"webauthn:virtualAuthenticators\"]"},"config":{"specs":["./test/specs/**/googleCloudHardcore.e2e..ts"],"suites":{},"exclude":[],"logLevel":"info","logLevels":{},"excludeDriverLogs":[],"bail":0,"waitforInterval":500,"waitforTimeout":10000,"framework":"mocha","_":"48 more keys: [\"reporters\",\"services\",\"maxInstances\",\"maxInstancesPerCapability\",\"filesToWatch\",\"connectionRetryTimeout\",\"connectionRetryCount\",\"execArgv\",\"runnerEnv\",\"runner\",\"specFileRetries\",\"specFileRetriesDelay\",\"specFileRetriesDeferred\",\"reporterSyncInterval\",\"reporterSyncTimeout\",\"cucumberFeaturesWithLineNumbers\",\"autoCompileOpts\",\"mochaOpts\",\"jasmineOpts\",\"cucumberOpts\",\"onPrepare\",\"onWorkerStart\",\"onWorkerEnd\",\"before\",\"beforeSession\",\"beforeSuite\",\"beforeHook\",\"beforeTest\",\"beforeCommand\",\"afterCommand\",\"afterTest\",\"afterHook\",\"afterSuite\",\"afterSession\",\"after\",\"onComplete\",\"onReload\",\"beforeFeature\",\"beforeScenario\",\"beforeStep\",\"afterStep\",\"afterScenario\",\"afterFeature\",\"baseUrl\",\"_\",\"$0\",\"config-path\",\"ignoredWorkerServices\"]"}},"isReactElement":false}}
RESULT: {"id":{"sessionId":"20fbb162fa044726dea7764752f9727a","elementId":"59d0866b-c950-4710-8dc9-fb40324189a4","element-6066-11e4-a52e-4f735466cecf":"59d0866b-c950-4710-8dc9-fb40324189a4","selector":"#myFrame","parent":{"capabilities":{"acceptInsecureCerts":true,"browserName":"chrome","browserVersion":"105.0.5195.127","chrome":{"chromedriverVersion":"105.0.5195.52 (412c95e518836d8a7d97250d62b29c2ae6a26a85-refs/branch-heads/5195@{#853})","userDataDir":"C:\\Users\\User\\AppData\\Local\\Temp\\scoped_dir9276_638493213"},"goog:chromeOptions":{"debuggerAddress":"localhost:53186"},"networkConnectionEnabled":false,"pageLoadStrategy":"normal","platformName":"windows","proxy":{},"se:cdp":"ws://192.168.1.101:4444/session/20fbb162fa044726dea7764752f9727a/se/cdp","_":"8 more keys: [\"se:cdpVersion\",\"setWindowRect\",\"strictFileInteractability\",\"timeouts\",\"unhandledPromptBehavior\",\"webauthn:extension:credBlob\",\"webauthn:extension:largeBlob\",\"webauthn:virtualAuthenticators\"]"},"config":{"specs":["./test/specs/**/googleCloudHardcore.e2e..ts"],"suites":{},"exclude":[],"logLevel":"info","logLevels":{},"excludeDriverLogs":[],"bail":0,"waitforInterval":500,"waitforTimeout":10000,"framework":"mocha","_":"48 more keys: [\"reporters\",\"services\",\"maxInstances\",\"maxInstancesPerCapability\",\"filesToWatch\",\"connectionRetryTimeout\",\"connectionRetryCount\",\"execArgv\",\"runnerEnv\",\"runner\",\"specFileRetries\",\"specFileRetriesDelay\",\"specFileRetriesDeferred\",\"reporterSyncInterval\",\"reporterSyncTimeout\",\"cucumberFeaturesWithLineNumbers\",\"autoCompileOpts\",\"mochaOpts\",\"jasmineOpts\",\"cucumberOpts\",\"onPrepare\",\"onWorkerStart\",\"onWorkerEnd\",\"before\",\"beforeSession\",\"beforeSuite\",\"beforeHook\",\"beforeTest\",\"beforeCommand\",\"afterCommand\",\"afterTest\",\"afterHook\",\"afterSuite\",\"afterSession\",\"after\",\"onComplete\",\"onReload\",\"beforeFeature\",\"beforeScenario\",\"beforeStep\",\"afterStep\",\"afterScenario\",\"afterFeature\",\"baseUrl\",\"_\",\"$0\",\"config-path\",\"ignoredWorkerServices\"]"}},"isReactElement":false}}
COMMAND: POST /session/20fbb162fa044726dea7764752f9727a/element - {"using":"css selector","value":"#input_90"}
RESULT: {"using":"css selector","value":"#input_90"}
COMMAND: POST /session/20fbb162fa044726dea7764752f9727a/element/63fc67eb-3183-4dc7-bddf-fa57985ed565/clear - {}
RESULT: {}
COMMAND: POST /session/20fbb162fa044726dea7764752f9727a/element/63fc67eb-3183-4dc7-bddf-fa57985ed565/value - {"text":"4"}
RESULT: {"text":"4"}
COMMAND: POST /session/20fbb162fa044726dea7764752f9727a/element - {"using":"css selector","value":"button[class='md-raised md-primary cpc-button md-button md-ink-ripple']"}
RESULT: {"using":"css selector","value":"button[class='md-raised md-primary cpc-button md-button md-ink-ripple']"}
COMMAND: POST /session/20fbb162fa044726dea7764752f9727a/execute/sync - {"script":"return (function isElementDisplayed(element) {\n    function nodeIsElement(node) {\n        if (!node) {\n            return false;\n        }\n        switch (node.nodeType) {\n            case Node.ELEMEN ... (7756 more bytes)","args":[{"element-6066-11e4-a52e-4f735466cecf":"1b2f57bf-f391-4dba-9f98-128b4052c27f","ELEMENT":"1b2f57bf-f391-4dba-9f98-128b4052c27f"}]}
RESULT: {"script":"return (function isElementDisplayed(element) {\n    function nodeIsElement(node) {\n        if (!node) {\n            return false;\n        }\n        switch (node.nodeType) {\n            case Node.ELEMEN ... (7756 more bytes)","args":[{"element-6066-11e4-a52e-4f735466cecf":"1b2f57bf-f391-4dba-9f98-128b4052c27f","ELEMENT":"1b2f57bf-f391-4dba-9f98-128b4052c27f"}]}
COMMAND: POST /session/20fbb162fa044726dea7764752f9727a/element/1b2f57bf-f391-4dba-9f98-128b4052c27f/click - {}
RESULT: {}
COMMAND: POST /session/20fbb162fa044726dea7764752f9727a/elements - {"using":"css selector","value":"div.md-list-item-text.ng-binding"}
RESULT: {"using":"css selector","value":"div.md-list-item-text.ng-binding"}
COMMAND: GET /session/20fbb162fa044726dea7764752f9727a/element/20076a76-4415-4d64-a74a-2c23b81de892/text - {}
RESULT: {}
]]></system-out>
    </testcase>
    <testcase classname="chrome.105_0_5195_127.windows.[Hardcore]" name="shoud switch window" time="26.061">
      <system-out><![CDATA[
COMMAND: GET /session/20fbb162fa044726dea7764752f9727a/window/handles - {}
RESULT: {}
COMMAND: POST /session/20fbb162fa044726dea7764752f9727a/execute/sync - {"script":"return (function newWindow(url, windowName, windowFeatures) {\n    window.open(url, windowName || '', windowFeatures || '');\n}).apply(null, arguments)","args":["https://tempmail.dev/","",""]}
RESULT: {"script":"return (function newWindow(url, windowName, windowFeatures) {\n    window.open(url, windowName || '', windowFeatures || '');\n}).apply(null, arguments)","args":["https://tempmail.dev/","",""]}
COMMAND: GET /session/20fbb162fa044726dea7764752f9727a/window/handles - {}
RESULT: {}
COMMAND: GET /session/20fbb162fa044726dea7764752f9727a/window/handles - {}
RESULT: {}
COMMAND: POST /session/20fbb162fa044726dea7764752f9727a/window - {"handle":"CDwindow-43784936CCDDC816FE8623508E3E9145"}
RESULT: {"handle":"CDwindow-43784936CCDDC816FE8623508E3E9145"}
COMMAND: POST /session/20fbb162fa044726dea7764752f9727a/element - {"using":"css selector","value":"#current-mail"}
RESULT: {"using":"css selector","value":"#current-mail"}
COMMAND: GET /session/20fbb162fa044726dea7764752f9727a/element/7bff487a-94bb-4456-b294-706f4abe84b9/text - {}
RESULT: {}
COMMAND: GET /session/20fbb162fa044726dea7764752f9727a/element/7bff487a-94bb-4456-b294-706f4abe84b9/text - {}
RESULT: {}
COMMAND: GET /session/20fbb162fa044726dea7764752f9727a/element/7bff487a-94bb-4456-b294-706f4abe84b9/text - {}
RESULT: {}
COMMAND: GET /session/20fbb162fa044726dea7764752f9727a/window/handles - {}
RESULT: {}
COMMAND: POST /session/20fbb162fa044726dea7764752f9727a/window - {"handle":"CDwindow-867CD872B0BB53E28A0F9297AB3947B5"}
RESULT: {"handle":"CDwindow-867CD872B0BB53E28A0F9297AB3947B5"}
COMMAND: GET /session/20fbb162fa044726dea7764752f9727a/url - {}
RESULT: {}
COMMAND: POST /session/20fbb162fa044726dea7764752f9727a/elements - {"using":"css selector","value":"iframe[src]"}
RESULT: {"using":"css selector","value":"iframe[src]"}
COMMAND: POST /session/20fbb162fa044726dea7764752f9727a/elements - {"using":"css selector","value":"iframe[src]"}
RESULT: {"using":"css selector","value":"iframe[src]"}
COMMAND: POST /session/20fbb162fa044726dea7764752f9727a/frame - {"id":{"sessionId":"20fbb162fa044726dea7764752f9727a","elementId":"67f656be-b5e6-4351-8e37-8c651e2568d5","element-6066-11e4-a52e-4f735466cecf":"67f656be-b5e6-4351-8e37-8c651e2568d5","selector":"iframe[src]","parent":{"capabilities":{"acceptInsecureCerts":true,"browserName":"chrome","browserVersion":"105.0.5195.127","chrome":{"chromedriverVersion":"105.0.5195.52 (412c95e518836d8a7d97250d62b29c2ae6a26a85-refs/branch-heads/5195@{#853})","userDataDir":"C:\\Users\\User\\AppData\\Local\\Temp\\scoped_dir9276_638493213"},"goog:chromeOptions":{"debuggerAddress":"localhost:53186"},"networkConnectionEnabled":false,"pageLoadStrategy":"normal","platformName":"windows","proxy":{},"se:cdp":"ws://192.168.1.101:4444/session/20fbb162fa044726dea7764752f9727a/se/cdp","_":"8 more keys: [\"se:cdpVersion\",\"setWindowRect\",\"strictFileInteractability\",\"timeouts\",\"unhandledPromptBehavior\",\"webauthn:extension:credBlob\",\"webauthn:extension:largeBlob\",\"webauthn:virtualAuthenticators\"]"},"config":{"specs":["./test/specs/**/googleCloudHardcore.e2e..ts"],"suites":{},"exclude":[],"logLevel":"info","logLevels":{},"excludeDriverLogs":[],"bail":0,"waitforInterval":500,"waitforTimeout":10000,"framework":"mocha","_":"48 more keys: [\"reporters\",\"services\",\"maxInstances\",\"maxInstancesPerCapability\",\"filesToWatch\",\"connectionRetryTimeout\",\"connectionRetryCount\",\"execArgv\",\"runnerEnv\",\"runner\",\"specFileRetries\",\"specFileRetriesDelay\",\"specFileRetriesDeferred\",\"reporterSyncInterval\",\"reporterSyncTimeout\",\"cucumberFeaturesWithLineNumbers\",\"autoCompileOpts\",\"mochaOpts\",\"jasmineOpts\",\"cucumberOpts\",\"onPrepare\",\"onWorkerStart\",\"onWorkerEnd\",\"before\",\"beforeSession\",\"beforeSuite\",\"beforeHook\",\"beforeTest\",\"beforeCommand\",\"afterCommand\",\"afterTest\",\"afterHook\",\"afterSuite\",\"afterSession\",\"after\",\"onComplete\",\"onReload\",\"beforeFeature\",\"beforeScenario\",\"beforeStep\",\"afterStep\",\"afterScenario\",\"afterFeature\",\"baseUrl\",\"_\",\"$0\",\"config-path\",\"ignoredWorkerServices\"]"}},"index":0,"isReactElement":false}}
RESULT: {"id":{"sessionId":"20fbb162fa044726dea7764752f9727a","elementId":"67f656be-b5e6-4351-8e37-8c651e2568d5","element-6066-11e4-a52e-4f735466cecf":"67f656be-b5e6-4351-8e37-8c651e2568d5","selector":"iframe[src]","parent":{"capabilities":{"acceptInsecureCerts":true,"browserName":"chrome","browserVersion":"105.0.5195.127","chrome":{"chromedriverVersion":"105.0.5195.52 (412c95e518836d8a7d97250d62b29c2ae6a26a85-refs/branch-heads/5195@{#853})","userDataDir":"C:\\Users\\User\\AppData\\Local\\Temp\\scoped_dir9276_638493213"},"goog:chromeOptions":{"debuggerAddress":"localhost:53186"},"networkConnectionEnabled":false,"pageLoadStrategy":"normal","platformName":"windows","proxy":{},"se:cdp":"ws://192.168.1.101:4444/session/20fbb162fa044726dea7764752f9727a/se/cdp","_":"8 more keys: [\"se:cdpVersion\",\"setWindowRect\",\"strictFileInteractability\",\"timeouts\",\"unhandledPromptBehavior\",\"webauthn:extension:credBlob\",\"webauthn:extension:largeBlob\",\"webauthn:virtualAuthenticators\"]"},"config":{"specs":["./test/specs/**/googleCloudHardcore.e2e..ts"],"suites":{},"exclude":[],"logLevel":"info","logLevels":{},"excludeDriverLogs":[],"bail":0,"waitforInterval":500,"waitforTimeout":10000,"framework":"mocha","_":"48 more keys: [\"reporters\",\"services\",\"maxInstances\",\"maxInstancesPerCapability\",\"filesToWatch\",\"connectionRetryTimeout\",\"connectionRetryCount\",\"execArgv\",\"runnerEnv\",\"runner\",\"specFileRetries\",\"specFileRetriesDelay\",\"specFileRetriesDeferred\",\"reporterSyncInterval\",\"reporterSyncTimeout\",\"cucumberFeaturesWithLineNumbers\",\"autoCompileOpts\",\"mochaOpts\",\"jasmineOpts\",\"cucumberOpts\",\"onPrepare\",\"onWorkerStart\",\"onWorkerEnd\",\"before\",\"beforeSession\",\"beforeSuite\",\"beforeHook\",\"beforeTest\",\"beforeCommand\",\"afterCommand\",\"afterTest\",\"afterHook\",\"afterSuite\",\"afterSession\",\"after\",\"onComplete\",\"onReload\",\"beforeFeature\",\"beforeScenario\",\"beforeStep\",\"afterStep\",\"afterScenario\",\"afterFeature\",\"baseUrl\",\"_\",\"$0\",\"config-path\",\"ignoredWorkerServices\"]"}},"index":0,"isReactElement":false}}
COMMAND: POST /session/20fbb162fa044726dea7764752f9727a/element - {"using":"css selector","value":"#myFrame"}
RESULT: {"using":"css selector","value":"#myFrame"}
COMMAND: POST /session/20fbb162fa044726dea7764752f9727a/frame - {"id":{"sessionId":"20fbb162fa044726dea7764752f9727a","elementId":"59d0866b-c950-4710-8dc9-fb40324189a4","element-6066-11e4-a52e-4f735466cecf":"59d0866b-c950-4710-8dc9-fb40324189a4","selector":"#myFrame","parent":{"capabilities":{"acceptInsecureCerts":true,"browserName":"chrome","browserVersion":"105.0.5195.127","chrome":{"chromedriverVersion":"105.0.5195.52 (412c95e518836d8a7d97250d62b29c2ae6a26a85-refs/branch-heads/5195@{#853})","userDataDir":"C:\\Users\\User\\AppData\\Local\\Temp\\scoped_dir9276_638493213"},"goog:chromeOptions":{"debuggerAddress":"localhost:53186"},"networkConnectionEnabled":false,"pageLoadStrategy":"normal","platformName":"windows","proxy":{},"se:cdp":"ws://192.168.1.101:4444/session/20fbb162fa044726dea7764752f9727a/se/cdp","_":"8 more keys: [\"se:cdpVersion\",\"setWindowRect\",\"strictFileInteractability\",\"timeouts\",\"unhandledPromptBehavior\",\"webauthn:extension:credBlob\",\"webauthn:extension:largeBlob\",\"webauthn:virtualAuthenticators\"]"},"config":{"specs":["./test/specs/**/googleCloudHardcore.e2e..ts"],"suites":{},"exclude":[],"logLevel":"info","logLevels":{},"excludeDriverLogs":[],"bail":0,"waitforInterval":500,"waitforTimeout":10000,"framework":"mocha","_":"48 more keys: [\"reporters\",\"services\",\"maxInstances\",\"maxInstancesPerCapability\",\"filesToWatch\",\"connectionRetryTimeout\",\"connectionRetryCount\",\"execArgv\",\"runnerEnv\",\"runner\",\"specFileRetries\",\"specFileRetriesDelay\",\"specFileRetriesDeferred\",\"reporterSyncInterval\",\"reporterSyncTimeout\",\"cucumberFeaturesWithLineNumbers\",\"autoCompileOpts\",\"mochaOpts\",\"jasmineOpts\",\"cucumberOpts\",\"onPrepare\",\"onWorkerStart\",\"onWorkerEnd\",\"before\",\"beforeSession\",\"beforeSuite\",\"beforeHook\",\"beforeTest\",\"beforeCommand\",\"afterCommand\",\"afterTest\",\"afterHook\",\"afterSuite\",\"afterSession\",\"after\",\"onComplete\",\"onReload\",\"beforeFeature\",\"beforeScenario\",\"beforeStep\",\"afterStep\",\"afterScenario\",\"afterFeature\",\"baseUrl\",\"_\",\"$0\",\"config-path\",\"ignoredWorkerServices\"]"}},"isReactElement":false}}
RESULT: {"id":{"sessionId":"20fbb162fa044726dea7764752f9727a","elementId":"59d0866b-c950-4710-8dc9-fb40324189a4","element-6066-11e4-a52e-4f735466cecf":"59d0866b-c950-4710-8dc9-fb40324189a4","selector":"#myFrame","parent":{"capabilities":{"acceptInsecureCerts":true,"browserName":"chrome","browserVersion":"105.0.5195.127","chrome":{"chromedriverVersion":"105.0.5195.52 (412c95e518836d8a7d97250d62b29c2ae6a26a85-refs/branch-heads/5195@{#853})","userDataDir":"C:\\Users\\User\\AppData\\Local\\Temp\\scoped_dir9276_638493213"},"goog:chromeOptions":{"debuggerAddress":"localhost:53186"},"networkConnectionEnabled":false,"pageLoadStrategy":"normal","platformName":"windows","proxy":{},"se:cdp":"ws://192.168.1.101:4444/session/20fbb162fa044726dea7764752f9727a/se/cdp","_":"8 more keys: [\"se:cdpVersion\",\"setWindowRect\",\"strictFileInteractability\",\"timeouts\",\"unhandledPromptBehavior\",\"webauthn:extension:credBlob\",\"webauthn:extension:largeBlob\",\"webauthn:virtualAuthenticators\"]"},"config":{"specs":["./test/specs/**/googleCloudHardcore.e2e..ts"],"suites":{},"exclude":[],"logLevel":"info","logLevels":{},"excludeDriverLogs":[],"bail":0,"waitforInterval":500,"waitforTimeout":10000,"framework":"mocha","_":"48 more keys: [\"reporters\",\"services\",\"maxInstances\",\"maxInstancesPerCapability\",\"filesToWatch\",\"connectionRetryTimeout\",\"connectionRetryCount\",\"execArgv\",\"runnerEnv\",\"runner\",\"specFileRetries\",\"specFileRetriesDelay\",\"specFileRetriesDeferred\",\"reporterSyncInterval\",\"reporterSyncTimeout\",\"cucumberFeaturesWithLineNumbers\",\"autoCompileOpts\",\"mochaOpts\",\"jasmineOpts\",\"cucumberOpts\",\"onPrepare\",\"onWorkerStart\",\"onWorkerEnd\",\"before\",\"beforeSession\",\"beforeSuite\",\"beforeHook\",\"beforeTest\",\"beforeCommand\",\"afterCommand\",\"afterTest\",\"afterHook\",\"afterSuite\",\"afterSession\",\"after\",\"onComplete\",\"onReload\",\"beforeFeature\",\"beforeScenario\",\"beforeStep\",\"afterStep\",\"afterScenario\",\"afterFeature\",\"baseUrl\",\"_\",\"$0\",\"config-path\",\"ignoredWorkerServices\"]"}},"isReactElement":false}}
COMMAND: POST /session/20fbb162fa044726dea7764752f9727a/element - {"using":"css selector","value":"#email_quote"}
RESULT: {"using":"css selector","value":"#email_quote"}
COMMAND: POST /session/20fbb162fa044726dea7764752f9727a/execute/sync - {"script":"return (function isElementDisplayed(element) {\n    function nodeIsElement(node) {\n        if (!node) {\n            return false;\n        }\n        switch (node.nodeType) {\n            case Node.ELEMEN ... (7756 more bytes)","args":[{"element-6066-11e4-a52e-4f735466cecf":"81a4e3aa-42d6-423f-b1ca-46e6d37ef0c0","ELEMENT":"81a4e3aa-42d6-423f-b1ca-46e6d37ef0c0"}]}
RESULT: {"script":"return (function isElementDisplayed(element) {\n    function nodeIsElement(node) {\n        if (!node) {\n            return false;\n        }\n        switch (node.nodeType) {\n            case Node.ELEMEN ... (7756 more bytes)","args":[{"element-6066-11e4-a52e-4f735466cecf":"81a4e3aa-42d6-423f-b1ca-46e6d37ef0c0","ELEMENT":"81a4e3aa-42d6-423f-b1ca-46e6d37ef0c0"}]}
COMMAND: POST /session/20fbb162fa044726dea7764752f9727a/element/81a4e3aa-42d6-423f-b1ca-46e6d37ef0c0/click - {}
RESULT: {}
COMMAND: POST /session/20fbb162fa044726dea7764752f9727a/element - {"using":"css selector","value":"[name='emailForm']"}
RESULT: {"using":"css selector","value":"[name='emailForm']"}
COMMAND: POST /session/20fbb162fa044726dea7764752f9727a/element/0ededace-9d76-4d93-b6ca-3ed958797448/elements - {"using":"css selector","value":"input"}
RESULT: {"using":"css selector","value":"input"}
COMMAND: POST /session/20fbb162fa044726dea7764752f9727a/execute/sync - {"script":"return (function isElementDisplayed(element) {\n    function nodeIsElement(node) {\n        if (!node) {\n            return false;\n        }\n        switch (node.nodeType) {\n            case Node.ELEMEN ... (7756 more bytes)","args":[{"element-6066-11e4-a52e-4f735466cecf":"b2122223-51c9-444c-9d8f-7db66ad48fea","ELEMENT":"b2122223-51c9-444c-9d8f-7db66ad48fea"}]}
RESULT: {"script":"return (function isElementDisplayed(element) {\n    function nodeIsElement(node) {\n        if (!node) {\n            return false;\n        }\n        switch (node.nodeType) {\n            case Node.ELEMEN ... (7756 more bytes)","args":[{"element-6066-11e4-a52e-4f735466cecf":"b2122223-51c9-444c-9d8f-7db66ad48fea","ELEMENT":"b2122223-51c9-444c-9d8f-7db66ad48fea"}]}
COMMAND: POST /session/20fbb162fa044726dea7764752f9727a/element/b2122223-51c9-444c-9d8f-7db66ad48fea/clear - {}
RESULT: {}
COMMAND: POST /session/20fbb162fa044726dea7764752f9727a/element/b2122223-51c9-444c-9d8f-7db66ad48fea/value - {"text":"sanvjoxiwn@rocketestate724.com"}
RESULT: {"text":"sanvjoxiwn@rocketestate724.com"}
COMMAND: POST /session/20fbb162fa044726dea7764752f9727a/element - {"using":"css selector","value":"[name='emailForm']"}
RESULT: {"using":"css selector","value":"[name='emailForm']"}
COMMAND: POST /session/20fbb162fa044726dea7764752f9727a/element/0ededace-9d76-4d93-b6ca-3ed958797448/elements - {"using":"css selector","value":"button"}
RESULT: {"using":"css selector","value":"button"}
COMMAND: POST /session/20fbb162fa044726dea7764752f9727a/element/1028d948-c2e7-424c-a6b6-cf0e029e2dfa/click - {}
RESULT: {}
COMMAND: GET /session/20fbb162fa044726dea7764752f9727a/window/handles - {}
RESULT: {}
COMMAND: POST /session/20fbb162fa044726dea7764752f9727a/window - {"handle":"CDwindow-867CD872B0BB53E28A0F9297AB3947B5"}
RESULT: {"handle":"CDwindow-867CD872B0BB53E28A0F9297AB3947B5"}
COMMAND: GET /session/20fbb162fa044726dea7764752f9727a/url - {}
RESULT: {}
COMMAND: GET /session/20fbb162fa044726dea7764752f9727a/title - {}
RESULT: {}
COMMAND: POST /session/20fbb162fa044726dea7764752f9727a/execute/sync - {"script":"return (() => window.name).apply(null, arguments)","args":[]}
RESULT: {"script":"return (() => window.name).apply(null, arguments)","args":[]}
COMMAND: POST /session/20fbb162fa044726dea7764752f9727a/window - {"handle":"CDwindow-43784936CCDDC816FE8623508E3E9145"}
RESULT: {"handle":"CDwindow-43784936CCDDC816FE8623508E3E9145"}
COMMAND: GET /session/20fbb162fa044726dea7764752f9727a/url - {}
RESULT: {}
COMMAND: POST /session/20fbb162fa044726dea7764752f9727a/element - {"using":"css selector","value":"#inbox-dataList a"}
RESULT: {"using":"css selector","value":"#inbox-dataList a"}
COMMAND: POST /session/20fbb162fa044726dea7764752f9727a/element - {"using":"css selector","value":"#inbox-dataList a"}
RESULT: {"using":"css selector","value":"#inbox-dataList a"}
COMMAND: POST /session/20fbb162fa044726dea7764752f9727a/element - {"using":"css selector","value":"#inbox-dataList a"}
RESULT: {"using":"css selector","value":"#inbox-dataList a"}
COMMAND: POST /session/20fbb162fa044726dea7764752f9727a/element - {"using":"css selector","value":"#inbox-dataList a"}
RESULT: {"using":"css selector","value":"#inbox-dataList a"}
COMMAND: POST /session/20fbb162fa044726dea7764752f9727a/element - {"using":"css selector","value":"#inbox-dataList a"}
RESULT: {"using":"css selector","value":"#inbox-dataList a"}
COMMAND: POST /session/20fbb162fa044726dea7764752f9727a/element - {"using":"css selector","value":"#inbox-dataList a"}
RESULT: {"using":"css selector","value":"#inbox-dataList a"}
COMMAND: POST /session/20fbb162fa044726dea7764752f9727a/element - {"using":"css selector","value":"#inbox-dataList a"}
RESULT: {"using":"css selector","value":"#inbox-dataList a"}
COMMAND: POST /session/20fbb162fa044726dea7764752f9727a/element - {"using":"css selector","value":"#inbox-dataList a"}
RESULT: {"using":"css selector","value":"#inbox-dataList a"}
COMMAND: POST /session/20fbb162fa044726dea7764752f9727a/element - {"using":"css selector","value":"#inbox-dataList a"}
RESULT: {"using":"css selector","value":"#inbox-dataList a"}
COMMAND: POST /session/20fbb162fa044726dea7764752f9727a/element - {"using":"css selector","value":"#inbox-dataList a"}
RESULT: {"using":"css selector","value":"#inbox-dataList a"}
COMMAND: POST /session/20fbb162fa044726dea7764752f9727a/element - {"using":"css selector","value":"#inbox-dataList a"}
RESULT: {"using":"css selector","value":"#inbox-dataList a"}
COMMAND: POST /session/20fbb162fa044726dea7764752f9727a/element - {"using":"css selector","value":"#inbox-dataList a"}
RESULT: {"using":"css selector","value":"#inbox-dataList a"}
COMMAND: POST /session/20fbb162fa044726dea7764752f9727a/element - {"using":"css selector","value":"#inbox-dataList a"}
RESULT: {"using":"css selector","value":"#inbox-dataList a"}
COMMAND: POST /session/20fbb162fa044726dea7764752f9727a/element - {"using":"css selector","value":"#inbox-dataList a"}
RESULT: {"using":"css selector","value":"#inbox-dataList a"}
COMMAND: POST /session/20fbb162fa044726dea7764752f9727a/element - {"using":"css selector","value":"#inbox-dataList a"}
RESULT: {"using":"css selector","value":"#inbox-dataList a"}
COMMAND: POST /session/20fbb162fa044726dea7764752f9727a/element - {"using":"css selector","value":"#inbox-dataList a"}
RESULT: {"using":"css selector","value":"#inbox-dataList a"}
COMMAND: POST /session/20fbb162fa044726dea7764752f9727a/element - {"using":"css selector","value":"#inbox-dataList a"}
RESULT: {"using":"css selector","value":"#inbox-dataList a"}
COMMAND: POST /session/20fbb162fa044726dea7764752f9727a/element - {"using":"css selector","value":"#inbox-dataList a"}
RESULT: {"using":"css selector","value":"#inbox-dataList a"}
COMMAND: POST /session/20fbb162fa044726dea7764752f9727a/element - {"using":"css selector","value":"#inbox-dataList a"}
RESULT: {"using":"css selector","value":"#inbox-dataList a"}
COMMAND: POST /session/20fbb162fa044726dea7764752f9727a/element - {"using":"css selector","value":"#inbox-dataList a"}
RESULT: {"using":"css selector","value":"#inbox-dataList a"}
COMMAND: POST /session/20fbb162fa044726dea7764752f9727a/element - {"using":"css selector","value":"#inbox-dataList a"}
RESULT: {"using":"css selector","value":"#inbox-dataList a"}
COMMAND: POST /session/20fbb162fa044726dea7764752f9727a/element - {"using":"css selector","value":"#inbox-dataList a"}
RESULT: {"using":"css selector","value":"#inbox-dataList a"}
COMMAND: POST /session/20fbb162fa044726dea7764752f9727a/execute/sync - {"script":"return (function isElementDisplayed(element) {\n    function nodeIsElement(node) {\n        if (!node) {\n            return false;\n        }\n        switch (node.nodeType) {\n            case Node.ELEMEN ... (7756 more bytes)","args":[{"element-6066-11e4-a52e-4f735466cecf":"cb43ef99-1947-4555-9e72-6e4f7b829ace","ELEMENT":"cb43ef99-1947-4555-9e72-6e4f7b829ace"}]}
RESULT: {"script":"return (function isElementDisplayed(element) {\n    function nodeIsElement(node) {\n        if (!node) {\n            return false;\n        }\n        switch (node.nodeType) {\n            case Node.ELEMEN ... (7756 more bytes)","args":[{"element-6066-11e4-a52e-4f735466cecf":"cb43ef99-1947-4555-9e72-6e4f7b829ace","ELEMENT":"cb43ef99-1947-4555-9e72-6e4f7b829ace"}]}
COMMAND: POST /session/20fbb162fa044726dea7764752f9727a/element/cb43ef99-1947-4555-9e72-6e4f7b829ace/click - {}
RESULT: {}
COMMAND: POST /session/20fbb162fa044726dea7764752f9727a/element - {"using":"css selector","value":"#ReadContent table h2"}
RESULT: {"using":"css selector","value":"#ReadContent table h2"}
COMMAND: POST /session/20fbb162fa044726dea7764752f9727a/elements - {"using":"css selector","value":"#ReadContent table h2"}
RESULT: {"using":"css selector","value":"#ReadContent table h2"}
COMMAND: POST /session/20fbb162fa044726dea7764752f9727a/elements - {"using":"css selector","value":"#ReadContent table h2"}
RESULT: {"using":"css selector","value":"#ReadContent table h2"}
COMMAND: POST /session/20fbb162fa044726dea7764752f9727a/element - {"using":"css selector","value":"#ReadContent table h2"}
RESULT: {"using":"css selector","value":"#ReadContent table h2"}
COMMAND: GET /session/20fbb162fa044726dea7764752f9727a/element/7500204d-978e-4b47-9ae0-fb8d373ad8d2/text - {}
RESULT: {}
COMMAND: DELETE /session/20fbb162fa044726dea7764752f9727a - {}
RESULT: {}
]]></system-out>
    </testcase>
  </testsuite>
</testsuites>